[debug] [2022-12-27T02:52:45.449Z] ----------------------------------------------------------------------
[debug] [2022-12-27T02:52:45.453Z] Command:       /usr/local/bin/node /usr/local/bin/firebase init
[debug] [2022-12-27T02:52:45.454Z] CLI Version:   11.19.0
[debug] [2022-12-27T02:52:45.455Z] Platform:      darwin
[debug] [2022-12-27T02:52:45.455Z] Node Version:  v18.12.1
[debug] [2022-12-27T02:52:45.461Z] Time:          Mon Dec 26 2022 23:52:45 GMT-0300 (Horário Padrão de Brasília)
[debug] [2022-12-27T02:52:45.461Z] ----------------------------------------------------------------------
[debug] 
[debug] [2022-12-27T02:52:45.475Z] > command requires scopes: ["email","openid","https://www.googleapis.com/auth/cloudplatformprojects.readonly","https://www.googleapis.com/auth/firebase","https://www.googleapis.com/auth/cloud-platform"]
[debug] [2022-12-27T02:52:45.477Z] > authorizing via signed-in user (matheus.cardoso@jovensgenios.com)
[info] 
     ######## #### ########  ######## ########     ###     ######  ########
     ##        ##  ##     ## ##       ##     ##  ##   ##  ##       ##
     ######    ##  ########  ######   ########  #########  ######  ######
     ##        ##  ##    ##  ##       ##     ## ##     ##       ## ##
     ##       #### ##     ## ######## ########  ##     ##  ######  ########

You're about to initialize a Firebase project in this directory:

  /Users/matheus/Documents/Projeto QR CODE

[info] 
=== Project Setup
[info] 
[info] First, let's associate this project directory with a Firebase project.
[info] You can create multiple project aliases by running firebase use --add, 
[info] but for now we'll just set up a default project.
[info] 
[debug] [2022-12-27T02:54:16.829Z] >>> [apiv2][query] GET https://firebase.googleapis.com/v1beta1/projects pageSize=100
[debug] [2022-12-27T02:54:17.678Z] <<< [apiv2][status] GET https://firebase.googleapis.com/v1beta1/projects 200
[debug] [2022-12-27T02:54:17.679Z] <<< [apiv2][body] GET https://firebase.googleapis.com/v1beta1/projects [omitted]
[info] i  Using project qrcodejg (QRCODEJG) 
[info] 
=== Hosting Setup
[info] 
[info] Your public directory is the folder (relative to your project directory) that
[info] will contain Hosting assets to be uploaded with firebase deploy. If you
[info] have a build process for your assets, use your build's output directory.
[info] 
